<?xml version="1.0" encoding="UTF-8"?>
<!-- Generated by org.testng.reporters.JUnitXMLReporter -->
<testsuite hostname="DESKTOP-VB164NU" ignored="2" name="Test(failed)" tests="1" failures="0" timestamp="2022-07-14T16:17:18 IST" time="63.305" errors="0">
  <testcase name="andDeletecontactAndVerifyDeleteTest" time="36.594" classname="com.crm.concasttt.ContactTest.ContactTest"/>
  <testcase name="createContactWithOrganization" time="0.0" classname="com.crm.concasttt.ContactTest.ContactTest">
    <ignored/>
  </testcase> <!-- createContactWithOrganization -->
  <testcase name="createContactVerifyTest" time="0.0" classname="com.crm.concasttt.ContactTest.ContactTest">
    <ignored/>
  </testcase> <!-- createContactVerifyTest -->
</testsuite> <!-- Test(failed) -->
