<?xml version="1.0" encoding="UTF-8"?>
<testng-results skipped="0" failed="0" ignored="2" total="3" passed="1">
  <reporter-output>
  </reporter-output>
  <suite name="Failed suite [TestalloverSuite]" duration-ms="63305" started-at="2022-07-14T16:16:14 IST" finished-at="2022-07-14T16:17:17 IST">
    <groups>
    </groups>
    <test name="Test(failed)" duration-ms="63305" started-at="2022-07-14T16:16:14 IST" finished-at="2022-07-14T16:17:17 IST">
      <class name="com.crm.concasttt.ContactTest.ContactTest">
        <test-method status="PASS" signature="configBs()[pri:0, instance:com.crm.concasttt.ContactTest.ContactTest@4e718207]" name="configBs" is-config="true" duration-ms="19" started-at="2022-07-14T16:16:14 IST" finished-at="2022-07-14T16:16:14 IST">
          <reporter-output>
          </reporter-output>
        </test-method> <!-- configBs -->
        <test-method status="PASS" signature="configBC()[pri:0, instance:com.crm.concasttt.ContactTest.ContactTest@4e718207]" name="configBC" is-config="true" duration-ms="7502" started-at="2022-07-14T16:16:14 IST" finished-at="2022-07-14T16:16:22 IST">
          <reporter-output>
          </reporter-output>
        </test-method> <!-- configBC -->
        <test-method status="PASS" signature="configBM()[pri:0, instance:com.crm.concasttt.ContactTest.ContactTest@4e718207]" name="configBM" is-config="true" duration-ms="14164" started-at="2022-07-14T16:16:22 IST" finished-at="2022-07-14T16:16:36 IST">
          <reporter-output>
          </reporter-output>
        </test-method> <!-- configBM -->
        <test-method status="PASS" signature="andDeletecontactAndVerifyDeleteTest()[pri:0, instance:com.crm.concasttt.ContactTest.ContactTest@4e718207]" name="andDeletecontactAndVerifyDeleteTest" duration-ms="36594" started-at="2022-07-14T16:16:36 IST" finished-at="2022-07-14T16:17:13 IST">
          <reporter-output>
          </reporter-output>
        </test-method> <!-- andDeletecontactAndVerifyDeleteTest -->
        <test-method status="PASS" signature="configAM()[pri:0, instance:com.crm.concasttt.ContactTest.ContactTest@4e718207]" name="configAM" is-config="true" duration-ms="3735" started-at="2022-07-14T16:17:13 IST" finished-at="2022-07-14T16:17:16 IST">
          <reporter-output>
          </reporter-output>
        </test-method> <!-- configAM -->
        <test-method status="PASS" signature="configAC()[pri:0, instance:com.crm.concasttt.ContactTest.ContactTest@4e718207]" name="configAC" is-config="true" duration-ms="1142" started-at="2022-07-14T16:17:16 IST" finished-at="2022-07-14T16:17:17 IST">
          <reporter-output>
          </reporter-output>
        </test-method> <!-- configAC -->
        <test-method status="PASS" signature="configAS()[pri:0, instance:com.crm.concasttt.ContactTest.ContactTest@4e718207]" name="configAS" is-config="true" duration-ms="5" started-at="2022-07-14T16:17:18 IST" finished-at="2022-07-14T16:17:18 IST">
          <reporter-output>
          </reporter-output>
        </test-method> <!-- configAS -->
      </class> <!-- com.crm.concasttt.ContactTest.ContactTest -->
    </test> <!-- Test(failed) -->
  </suite> <!-- Failed suite [TestalloverSuite] -->
</testng-results>
